This is pdfTeX, Version 3.1415926-1.40.11 (MiKTeX 2.9) (preloaded format=pdflatex 2011.3.3)  4 MAR 2011 17:14
entering extended mode
**Overview.tex
(P:\doc\#Docs\AcinusPaper\img\ManholeCovers\Overview.tex
LaTeX2e <2009/09/24>
Babel <v3.8l> and hyphenation patterns for english, afrikaans, ancientgreek, ar
abic, armenian, assamese, basque, bengali, bokmal, bulgarian, catalan, coptic, 
croatian, czech, danish, dutch, esperanto, estonian, farsi, finnish, french, ga
lician, german, german-x-2009-06-19, greek, gujarati, hindi, hungarian, iceland
ic, indonesian, interlingua, irish, italian, kannada, kurmanji, lao, latin, lat
vian, lithuanian, malayalam, marathi, mongolian, mongolianlmc, monogreek, ngerm
an, ngerman-x-2009-06-19, nynorsk, oriya, panjabi, pinyin, polish, portuguese, 
romanian, russian, sanskrit, serbian, slovak, slovenian, spanish, swedish, swis
sgerman, tamil, telugu, turkish, turkmen, ukenglish, ukrainian, uppersorbian, u
senglishmax, welsh, loaded.
("C:\Program Files (x86)\MiKTeX 2.9\tex\latex\base\article.cls"
Document Class: article 2007/10/19 v1.4h Standard LaTeX document class
("C:\Program Files (x86)\MiKTeX 2.9\tex\latex\base\size10.clo"
File: size10.clo 2007/10/19 v1.4h Standard LaTeX file (size option)
)
\c@part=\count79
\c@section=\count80
\c@subsection=\count81
\c@subsubsection=\count82
\c@paragraph=\count83
\c@subparagraph=\count84
\c@figure=\count85
\c@table=\count86
\abovecaptionskip=\skip41
\belowcaptionskip=\skip42
\bibindent=\dimen102
)
("C:\Program Files (x86)\MiKTeX 2.9\tex\latex\graphics\graphicx.sty"
Package: graphicx 1999/02/16 v1.0f Enhanced LaTeX Graphics (DPC,SPQR)

("C:\Program Files (x86)\MiKTeX 2.9\tex\latex\graphics\keyval.sty"
Package: keyval 1999/03/16 v1.13 key=value parser (DPC)
\KV@toks@=\toks14
)
("C:\Program Files (x86)\MiKTeX 2.9\tex\latex\graphics\graphics.sty"
Package: graphics 2009/02/05 v1.0o Standard LaTeX Graphics (DPC,SPQR)

("C:\Program Files (x86)\MiKTeX 2.9\tex\latex\graphics\trig.sty"
Package: trig 1999/03/16 v1.09 sin cos tan (DPC)
)
("C:\Program Files (x86)\MiKTeX 2.9\tex\latex\00miktex\graphics.cfg"
File: graphics.cfg 2007/01/18 v1.5 graphics configuration of teTeX/TeXLive
)
Package graphics Info: Driver file: pdftex.def on input line 91.

("C:\Program Files (x86)\MiKTeX 2.9\tex\latex\pdftex-def\pdftex.def"
File: pdftex.def 2011/01/28 v0.05d Graphics/color for pdfTeX
\Gread@gobject=\count87
))
\Gin@req@height=\dimen103
\Gin@req@width=\dimen104
)
(C:\Users\haberthuer\AppData\Roaming\MiKTeX\2.9\tex\latex\pgf\frontendlayer\tik
z.sty
(C:\Users\haberthuer\AppData\Roaming\MiKTeX\2.9\tex\latex\pgf\basiclayer\pgf.st
y
(C:\Users\haberthuer\AppData\Roaming\MiKTeX\2.9\tex\latex\pgf\utilities\pgfrcs.
sty
(C:\Users\haberthuer\AppData\Roaming\MiKTeX\2.9\tex\generic\pgf\utilities\pgfut
il-common.tex
\pgfutil@everybye=\toks15
)
(C:\Users\haberthuer\AppData\Roaming\MiKTeX\2.9\tex\generic\pgf\utilities\pgfut
il-latex.def
\pgfutil@abb=\box26

(C:\Users\haberthuer\AppData\Roaming\MiKTeX\2.9\tex\latex\ms\everyshi.sty
Package: everyshi 2001/05/15 v3.00 EveryShipout Package (MS)
))
(C:\Users\haberthuer\AppData\Roaming\MiKTeX\2.9\tex\generic\pgf\utilities\pgfrc
s.code.tex
Package: pgfrcs 2010/10/25 v2.10 (rcs-revision 1.24)
))
Package: pgf 2008/01/15 v2.10 (rcs-revision 1.12)

(C:\Users\haberthuer\AppData\Roaming\MiKTeX\2.9\tex\latex\pgf\basiclayer\pgfcor
e.sty
(C:\Users\haberthuer\AppData\Roaming\MiKTeX\2.9\tex\latex\pgf\systemlayer\pgfsy
s.sty
(C:\Users\haberthuer\AppData\Roaming\MiKTeX\2.9\tex\generic\pgf\systemlayer\pgf
sys.code.tex
Package: pgfsys 2010/06/30 v2.10 (rcs-revision 1.37)

(C:\Users\haberthuer\AppData\Roaming\MiKTeX\2.9\tex\generic\pgf\utilities\pgfke
ys.code.tex
\pgfkeys@pathtoks=\toks16
\pgfkeys@temptoks=\toks17

(C:\Users\haberthuer\AppData\Roaming\MiKTeX\2.9\tex\generic\pgf\utilities\pgfke
ysfiltered.code.tex
\pgfkeys@tmptoks=\toks18
))
\pgf@x=\dimen105
\pgf@y=\dimen106
\pgf@xa=\dimen107
\pgf@ya=\dimen108
\pgf@xb=\dimen109
\pgf@yb=\dimen110
\pgf@xc=\dimen111
\pgf@yc=\dimen112
\w@pgf@writea=\write3
\r@pgf@reada=\read1
\c@pgf@counta=\count88
\c@pgf@countb=\count89
\c@pgf@countc=\count90
\c@pgf@countd=\count91

(C:\Users\haberthuer\AppData\Roaming\MiKTeX\2.9\tex\generic\pgf\systemlayer\pgf
.cfg
File: pgf.cfg 2008/05/14  (rcs-revision 1.7)
)
Package pgfsys Info: Driver file for pgf: pgfsys-pdftex.def on input line 900.

(C:\Users\haberthuer\AppData\Roaming\MiKTeX\2.9\tex\generic\pgf\systemlayer\pgf
sys-pdftex.def
File: pgfsys-pdftex.def 2009/05/22  (rcs-revision 1.26)

(C:\Users\haberthuer\AppData\Roaming\MiKTeX\2.9\tex\generic\pgf\systemlayer\pgf
sys-common-pdf.def
File: pgfsys-common-pdf.def 2008/05/19  (rcs-revision 1.10)
)))
(C:\Users\haberthuer\AppData\Roaming\MiKTeX\2.9\tex\generic\pgf\systemlayer\pgf
syssoftpath.code.tex
File: pgfsyssoftpath.code.tex 2008/07/18  (rcs-revision 1.7)
\pgfsyssoftpath@smallbuffer@items=\count92
\pgfsyssoftpath@bigbuffer@items=\count93
)
(C:\Users\haberthuer\AppData\Roaming\MiKTeX\2.9\tex\generic\pgf\systemlayer\pgf
sysprotocol.code.tex
File: pgfsysprotocol.code.tex 2006/10/16  (rcs-revision 1.4)
))
(C:\Users\haberthuer\AppData\Roaming\MiKTeX\2.9\tex\latex\xcolor\xcolor.sty
Package: xcolor 2007/01/21 v2.11 LaTeX color extensions (UK)

("C:\Program Files (x86)\MiKTeX 2.9\tex\latex\00miktex\color.cfg"
File: color.cfg 2007/01/18 v1.5 color configuration of teTeX/TeXLive
)
Package xcolor Info: Driver file: pdftex.def on input line 225.
Package xcolor Info: Model `cmy' substituted by `cmy0' on input line 1337.
Package xcolor Info: Model `hsb' substituted by `rgb' on input line 1341.
Package xcolor Info: Model `RGB' extended on input line 1353.
Package xcolor Info: Model `HTML' substituted by `rgb' on input line 1355.
Package xcolor Info: Model `Hsb' substituted by `hsb' on input line 1356.
Package xcolor Info: Model `tHsb' substituted by `hsb' on input line 1357.
Package xcolor Info: Model `HSB' substituted by `hsb' on input line 1358.
Package xcolor Info: Model `Gray' substituted by `gray' on input line 1359.
Package xcolor Info: Model `wave' substituted by `hsb' on input line 1360.
)
(C:\Users\haberthuer\AppData\Roaming\MiKTeX\2.9\tex\generic\pgf\basiclayer\pgfc
ore.code.tex
Package: pgfcore 2010/04/11 v2.10 (rcs-revision 1.7)

(C:\Users\haberthuer\AppData\Roaming\MiKTeX\2.9\tex\generic\pgf\math\pgfmath.co
de.tex
(C:\Users\haberthuer\AppData\Roaming\MiKTeX\2.9\tex\generic\pgf\math\pgfmathcal
c.code.tex
(C:\Users\haberthuer\AppData\Roaming\MiKTeX\2.9\tex\generic\pgf\math\pgfmathuti
l.code.tex)
(C:\Users\haberthuer\AppData\Roaming\MiKTeX\2.9\tex\generic\pgf\math\pgfmathpar
ser.code.tex
\pgfmath@dimen=\dimen113
\pgfmath@count=\count94
\pgfmath@box=\box27
\pgfmath@toks=\toks19
\pgfmath@stack@operand=\toks20
\pgfmath@stack@operation=\toks21
)
(C:\Users\haberthuer\AppData\Roaming\MiKTeX\2.9\tex\generic\pgf\math\pgfmathfun
ctions.code.tex
(C:\Users\haberthuer\AppData\Roaming\MiKTeX\2.9\tex\generic\pgf\math\pgfmathfun
ctions.basic.code.tex)
(C:\Users\haberthuer\AppData\Roaming\MiKTeX\2.9\tex\generic\pgf\math\pgfmathfun
ctions.trigonometric.code.tex)
(C:\Users\haberthuer\AppData\Roaming\MiKTeX\2.9\tex\generic\pgf\math\pgfmathfun
ctions.random.code.tex)
(C:\Users\haberthuer\AppData\Roaming\MiKTeX\2.9\tex\generic\pgf\math\pgfmathfun
ctions.comparison.code.tex)
(C:\Users\haberthuer\AppData\Roaming\MiKTeX\2.9\tex\generic\pgf\math\pgfmathfun
ctions.base.code.tex)
(C:\Users\haberthuer\AppData\Roaming\MiKTeX\2.9\tex\generic\pgf\math\pgfmathfun
ctions.round.code.tex)
(C:\Users\haberthuer\AppData\Roaming\MiKTeX\2.9\tex\generic\pgf\math\pgfmathfun
ctions.misc.code.tex)))
(C:\Users\haberthuer\AppData\Roaming\MiKTeX\2.9\tex\generic\pgf\math\pgfmathflo
at.code.tex
\c@pgfmathroundto@lastzeros=\count95
))
(C:\Users\haberthuer\AppData\Roaming\MiKTeX\2.9\tex\generic\pgf\basiclayer\pgfc
orepoints.code.tex
File: pgfcorepoints.code.tex 2010/04/09  (rcs-revision 1.20)
\pgf@picminx=\dimen114
\pgf@picmaxx=\dimen115
\pgf@picminy=\dimen116
\pgf@picmaxy=\dimen117
\pgf@pathminx=\dimen118
\pgf@pathmaxx=\dimen119
\pgf@pathminy=\dimen120
\pgf@pathmaxy=\dimen121
\pgf@xx=\dimen122
\pgf@xy=\dimen123
\pgf@yx=\dimen124
\pgf@yy=\dimen125
\pgf@zx=\dimen126
\pgf@zy=\dimen127
)
(C:\Users\haberthuer\AppData\Roaming\MiKTeX\2.9\tex\generic\pgf\basiclayer\pgfc
orepathconstruct.code.tex
File: pgfcorepathconstruct.code.tex 2010/08/03  (rcs-revision 1.24)
\pgf@path@lastx=\dimen128
\pgf@path@lasty=\dimen129
)
(C:\Users\haberthuer\AppData\Roaming\MiKTeX\2.9\tex\generic\pgf\basiclayer\pgfc
orepathusage.code.tex
File: pgfcorepathusage.code.tex 2008/04/22  (rcs-revision 1.12)
\pgf@shorten@end@additional=\dimen130
\pgf@shorten@start@additional=\dimen131
)
(C:\Users\haberthuer\AppData\Roaming\MiKTeX\2.9\tex\generic\pgf\basiclayer\pgfc
orescopes.code.tex
File: pgfcorescopes.code.tex 2010/09/08  (rcs-revision 1.34)
\pgfpic=\box28
\pgf@hbox=\box29
\pgf@layerbox@main=\box30
\pgf@picture@serial@count=\count96
)
(C:\Users\haberthuer\AppData\Roaming\MiKTeX\2.9\tex\generic\pgf\basiclayer\pgfc
oregraphicstate.code.tex
File: pgfcoregraphicstate.code.tex 2008/04/22  (rcs-revision 1.9)
\pgflinewidth=\dimen132
)
(C:\Users\haberthuer\AppData\Roaming\MiKTeX\2.9\tex\generic\pgf\basiclayer\pgfc
oretransformations.code.tex
File: pgfcoretransformations.code.tex 2009/06/10  (rcs-revision 1.11)
\pgf@pt@x=\dimen133
\pgf@pt@y=\dimen134
\pgf@pt@temp=\dimen135
)
(C:\Users\haberthuer\AppData\Roaming\MiKTeX\2.9\tex\generic\pgf\basiclayer\pgfc
orequick.code.tex
File: pgfcorequick.code.tex 2008/10/09  (rcs-revision 1.3)
)
(C:\Users\haberthuer\AppData\Roaming\MiKTeX\2.9\tex\generic\pgf\basiclayer\pgfc
oreobjects.code.tex
File: pgfcoreobjects.code.tex 2006/10/11  (rcs-revision 1.2)
)
(C:\Users\haberthuer\AppData\Roaming\MiKTeX\2.9\tex\generic\pgf\basiclayer\pgfc
orepathprocessing.code.tex
File: pgfcorepathprocessing.code.tex 2008/10/09  (rcs-revision 1.8)
)
(C:\Users\haberthuer\AppData\Roaming\MiKTeX\2.9\tex\generic\pgf\basiclayer\pgfc
orearrows.code.tex
File: pgfcorearrows.code.tex 2008/04/23  (rcs-revision 1.11)
)
(C:\Users\haberthuer\AppData\Roaming\MiKTeX\2.9\tex\generic\pgf\basiclayer\pgfc
oreshade.code.tex
File: pgfcoreshade.code.tex 2008/11/23  (rcs-revision 1.13)
\pgf@max=\dimen136
\pgf@sys@shading@range@num=\count97
)
(C:\Users\haberthuer\AppData\Roaming\MiKTeX\2.9\tex\generic\pgf\basiclayer\pgfc
oreimage.code.tex
File: pgfcoreimage.code.tex 2010/03/25  (rcs-revision 1.16)

(C:\Users\haberthuer\AppData\Roaming\MiKTeX\2.9\tex\generic\pgf\basiclayer\pgfc
oreexternal.code.tex
File: pgfcoreexternal.code.tex 2010/09/01  (rcs-revision 1.17)
\pgfexternal@startupbox=\box31
))
(C:\Users\haberthuer\AppData\Roaming\MiKTeX\2.9\tex\generic\pgf\basiclayer\pgfc
orelayers.code.tex
File: pgfcorelayers.code.tex 2010/08/27  (rcs-revision 1.2)
)
(C:\Users\haberthuer\AppData\Roaming\MiKTeX\2.9\tex\generic\pgf\basiclayer\pgfc
oretransparency.code.tex
File: pgfcoretransparency.code.tex 2008/01/17  (rcs-revision 1.2)
)
(C:\Users\haberthuer\AppData\Roaming\MiKTeX\2.9\tex\generic\pgf\basiclayer\pgfc
orepatterns.code.tex
File: pgfcorepatterns.code.tex 2009/07/02  (rcs-revision 1.3)
)))
(C:\Users\haberthuer\AppData\Roaming\MiKTeX\2.9\tex\generic\pgf\modules\pgfmodu
leshapes.code.tex
File: pgfmoduleshapes.code.tex 2010/09/09  (rcs-revision 1.13)
\pgfnodeparttextbox=\box32
)
(C:\Users\haberthuer\AppData\Roaming\MiKTeX\2.9\tex\generic\pgf\modules\pgfmodu
leplot.code.tex
File: pgfmoduleplot.code.tex 2010/10/22  (rcs-revision 1.8)
)
(C:\Users\haberthuer\AppData\Roaming\MiKTeX\2.9\tex\latex\pgf\compatibility\pgf
comp-version-0-65.sty
Package: pgfcomp-version-0-65 2007/07/03 v2.10 (rcs-revision 1.7)
\pgf@nodesepstart=\dimen137
\pgf@nodesepend=\dimen138
)
(C:\Users\haberthuer\AppData\Roaming\MiKTeX\2.9\tex\latex\pgf\compatibility\pgf
comp-version-1-18.sty
Package: pgfcomp-version-1-18 2007/07/23 v2.10 (rcs-revision 1.1)
))
(C:\Users\haberthuer\AppData\Roaming\MiKTeX\2.9\tex\latex\pgf\utilities\pgffor.
sty
(C:\Users\haberthuer\AppData\Roaming\MiKTeX\2.9\tex\latex\pgf\utilities\pgfkeys
.sty
(C:\Users\haberthuer\AppData\Roaming\MiKTeX\2.9\tex\generic\pgf\utilities\pgfke
ys.code.tex))
(C:\Users\haberthuer\AppData\Roaming\MiKTeX\2.9\tex\generic\pgf\utilities\pgffo
r.code.tex
Package: pgffor 2010/03/23 v2.10 (rcs-revision 1.18)
\pgffor@iter=\dimen139
\pgffor@skip=\dimen140
\pgffor@stack=\toks22
\pgffor@toks=\toks23
))
(C:\Users\haberthuer\AppData\Roaming\MiKTeX\2.9\tex\generic\pgf\frontendlayer\t
ikz\tikz.code.tex
Package: tikz 2010/10/13 v2.10 (rcs-revision 1.76)

(C:\Users\haberthuer\AppData\Roaming\MiKTeX\2.9\tex\generic\pgf\libraries\pgfli
braryplothandlers.code.tex
File: pgflibraryplothandlers.code.tex 2010/05/31 v2.10 (rcs-revision 1.15)
\pgf@plot@mark@count=\count98
\pgfplotmarksize=\dimen141
)
\tikz@lastx=\dimen142
\tikz@lasty=\dimen143
\tikz@lastxsaved=\dimen144
\tikz@lastysaved=\dimen145
\tikzleveldistance=\dimen146
\tikzsiblingdistance=\dimen147
\tikz@figbox=\box33
\tikz@tempbox=\box34
\tikztreelevel=\count99
\tikznumberofchildren=\count100
\tikznumberofcurrentchild=\count101
\tikz@fig@count=\count102

(C:\Users\haberthuer\AppData\Roaming\MiKTeX\2.9\tex\generic\pgf\modules\pgfmodu
lematrix.code.tex
File: pgfmodulematrix.code.tex 2010/08/24  (rcs-revision 1.4)
\pgfmatrixcurrentrow=\count103
\pgfmatrixcurrentcolumn=\count104
\pgf@matrix@numberofcolumns=\count105
)
\tikz@expandcount=\count106

(C:\Users\haberthuer\AppData\Roaming\MiKTeX\2.9\tex\generic\pgf\frontendlayer\t
ikz\libraries\tikzlibrarytopaths.code.tex
File: tikzlibrarytopaths.code.tex 2008/06/17 v2.10 (rcs-revision 1.2)
)))
(C:\Users\haberthuer\AppData\Roaming\MiKTeX\2.9\tex\latex\siunitx\siunitx.sty
(C:\Users\haberthuer\AppData\Roaming\MiKTeX\2.9\tex\latex\expl3\expl3.sty
(C:\Users\haberthuer\AppData\Roaming\MiKTeX\2.9\tex\latex\expl3\l3names.sty
Package: l3names 2011/01/08 v2122 L3 Experimental Naming Scheme for TeX Primiti
ves
)
Package: expl3 2010/11/13 v2083 L3 Experimental code bundle wrapper

("C:\Program Files (x86)\MiKTeX 2.9\tex\latex\misc\etex.sty"
Package: etex 1998/03/26 v2.0 eTeX basic definition package (PEB)
\et@xins=\count107
)
(C:\Users\haberthuer\AppData\Roaming\MiKTeX\2.9\tex\latex\expl3\l3basics.sty
Package: l3basics 2010/10/03 v2063 L3 Experimental basic definitions
)
(C:\Users\haberthuer\AppData\Roaming\MiKTeX\2.9\tex\latex\expl3\l3expan.sty
Package: l3expan 2010/09/20 v2037 L3 Experimental Argument Expansion module
)
(C:\Users\haberthuer\AppData\Roaming\MiKTeX\2.9\tex\latex\expl3\l3tl.sty
Package: l3tl 2011/01/26 v2138 L3 Experimental Token Lists
)
(C:\Users\haberthuer\AppData\Roaming\MiKTeX\2.9\tex\latex\expl3\l3int.sty
Package: l3int 2011/01/07 v2121 L3 Experimental Integer module
\l_tmpa_int=\count108
\l_tmpb_int=\count109
\l_tmpc_int=\count110
\g_tmpa_int=\count111
\g_tmpb_int=\count112
\c_max_int=\count113
\g_tl_inline_level_int=\count114
)
(C:\Users\haberthuer\AppData\Roaming\MiKTeX\2.9\tex\latex\expl3\l3quark.sty
Package: l3quark 2010/09/20 v2036 L3 Experimental Quark Commands
)
(C:\Users\haberthuer\AppData\Roaming\MiKTeX\2.9\tex\latex\expl3\l3seq.sty
Package: l3seq 2010/03/29 v1879 L3 Experimental sequences and stacks
)
(C:\Users\haberthuer\AppData\Roaming\MiKTeX\2.9\tex\latex\expl3\l3toks.sty
Package: l3toks 2010/09/20 v2037 L3 Experimental Token Registers
\l_tmpb_toks=\toks24
\l_tmpc_toks=\toks25
\g_tmpa_toks=\toks26
\g_tmpb_toks=\toks27
\g_tmpc_toks=\toks28
\c_empty_toks=\toks29
\l_tl_replace_toks=\toks30
)
(C:\Users\haberthuer\AppData\Roaming\MiKTeX\2.9\tex\latex\expl3\l3prg.sty
Package: l3prg 2011/01/07 v2121 L3 Experimental control structures
\g_prg_inline_level_int=\count115
)
(C:\Users\haberthuer\AppData\Roaming\MiKTeX\2.9\tex\latex\expl3\l3clist.sty
Package: l3clist 2010/10/09 v2071 L3 Experimental comma separated lists
\g_clist_map_inline_int=\count116
)
(C:\Users\haberthuer\AppData\Roaming\MiKTeX\2.9\tex\latex\expl3\l3token.sty
Package: l3token 2010/10/03 v2063 L3 Experimental token investigation and manip
ulation
)
(C:\Users\haberthuer\AppData\Roaming\MiKTeX\2.9\tex\latex\expl3\l3prop.sty
Package: l3prop 2010/11/23 v2087 L3 Experimental Property Lists
\g_prop_inline_level_int=\count117
)
(C:\Users\haberthuer\AppData\Roaming\MiKTeX\2.9\tex\latex\expl3\l3msg.sty
Package: l3msg 2010/10/02 v2052 L3 Experimental LaTeX Messages module
\l_msg_redirect_classes_prop=\toks31
\l_msg_redirect_names_prop=\toks32
\l_msg_redirect_fatal_prop=\toks33
\l_msg_redirect_error_prop=\toks34
\l_msg_redirect_warning_prop=\toks35
\l_msg_redirect_info_prop=\toks36
\l_msg_redirect_log_prop=\toks37
\l_msg_redirect_trace_prop=\toks38
\l_msg_redirect_none_prop=\toks39
)
(C:\Users\haberthuer\AppData\Roaming\MiKTeX\2.9\tex\latex\expl3\l3io.sty
Package: l3io 2010/10/03 v2063 L3 Experimental i/o module
\g_iow_streams_prop=\toks40
\g_ior_streams_prop=\toks41
\l_iow_stream_int=\count118
)
(C:\Users\haberthuer\AppData\Roaming\MiKTeX\2.9\tex\latex\expl3\l3skip.sty
Package: l3skip 2011/01/07 v2121 L3 Experimental skip registers
\l_tmpa_skip=\skip43
\l_tmpb_skip=\skip44
\l_tmpc_skip=\skip45
\g_tmpa_skip=\skip46
\g_tmpb_skip=\skip47
\l_tmpa_dim=\dimen148
\l_tmpb_dim=\dimen149
\l_tmpc_dim=\dimen150
\l_tmpd_dim=\dimen151
\g_tmpa_dim=\dimen152
\g_tmpb_dim=\dimen153
)
(C:\Users\haberthuer\AppData\Roaming\MiKTeX\2.9\tex\latex\expl3\l3box.sty
Package: l3box 2010/09/26 v2048 L3 Experimental Box module
\l_tmpb_box=\box35
)
(C:\Users\haberthuer\AppData\Roaming\MiKTeX\2.9\tex\latex\expl3\l3keyval.sty
Package: l3keyval 2010/04/11 v1890 L3 Experimental keyval processing
\l_KV_level_int=\count119
)
(C:\Users\haberthuer\AppData\Roaming\MiKTeX\2.9\tex\latex\expl3\l3keys.sty
Package: l3keys 2010/11/11 v2082 L3 Experimental key-value support
\l_keys_choice_int=\count120
)
(C:\Users\haberthuer\AppData\Roaming\MiKTeX\2.9\tex\latex\expl3\l3precom.sty
Package: l3precom 2010/02/09 v1793 L3 Experimental precompilation module
\g_gen_sym_int=\count121
\g_ggen_sym_int=\count122
)
(C:\Users\haberthuer\AppData\Roaming\MiKTeX\2.9\tex\latex\expl3\l3xref.sty
Package: l3xref 2010/02/09 v1786 L3 Experimental cross referencing
\g_xref_all_curr_immediate_fields_prop=\toks42
\g_xref_all_curr_deferred_fields_prop=\toks43
)
(C:\Users\haberthuer\AppData\Roaming\MiKTeX\2.9\tex\latex\expl3\l3file.sty
Package: l3file 2010/03/21 v1853 L3 Experimental file loading
)
(C:\Users\haberthuer\AppData\Roaming\MiKTeX\2.9\tex\latex\expl3\l3fp.sty
Package: l3fp 2011/01/10 v2129 L3 Experimental floating-point operations
\c_one_million=\count123
\c_one_hundred_million=\count124
\c_five_hundred_million=\count125
\c_one_thousand_million=\count126
\c_fp_pi_by_four_decimal_int=\count127
\c_fp_pi_by_four_extended_int=\count128
\c_fp_pi_decimal_int=\count129
\c_fp_pi_extended_int=\count130
\c_fp_two_pi_decimal_int=\count131
\c_fp_two_pi_extended_int=\count132
\l_fp_count_int=\count133
\l_fp_div_offset_int=\count134
\l_fp_exp_integer_int=\count135
\l_fp_exp_decimal_int=\count136
\l_fp_exp_extended_int=\count137
\l_fp_exp_exponent_int=\count138
\l_fp_input_a_sign_int=\count139
\l_fp_input_a_integer_int=\count140
\l_fp_input_a_decimal_int=\count141
\l_fp_input_a_exponent_int=\count142
\l_fp_input_b_sign_int=\count143
\l_fp_input_b_integer_int=\count144
\l_fp_input_b_decimal_int=\count145
\l_fp_input_b_exponent_int=\count146
\l_fp_input_a_extended_int=\count147
\l_fp_input_b_extended_int=\count148
\l_fp_mul_a_i_int=\count149
\l_fp_mul_a_ii_int=\count150
\l_fp_mul_a_iii_int=\count151
\l_fp_mul_a_iv_int=\count152
\l_fp_mul_a_v_int=\count153
\l_fp_mul_a_vi_int=\count154
\l_fp_mul_b_i_int=\count155
\l_fp_mul_b_ii_int=\count156
\l_fp_mul_b_iii_int=\count157
\l_fp_mul_b_iv_int=\count158
\l_fp_mul_b_v_int=\count159
\l_fp_mul_b_vi_int=\count160
\l_fp_mul_output_int=\count161
\l_fp_output_sign_int=\count162
\l_fp_output_integer_int=\count163
\l_fp_output_decimal_int=\count164
\l_fp_output_exponent_int=\count165
\l_fp_output_extended_int=\count166
\l_fp_round_position_int=\count167
\l_fp_round_target_int=\count168
\l_fp_split_sign_int=\count169
\l_fp_tmp_int=\count170
\l_fp_trig_octant_int=\count171
\l_fp_trig_sign_int=\count172
\l_fp_trig_decimal_int=\count173
\l_fp_trig_extended_int=\count174
\l_fp_tmp_dim=\dimen154
\l_fp_tmp_skip=\skip48
)
(C:\Users\haberthuer\AppData\Roaming\MiKTeX\2.9\tex\latex\expl3\l3luatex.sty
Package: l3luatex 2010/07/18 v1985 L3 Experimental LuaTeX functions
\g_cctab_allocate_int=\count175
\g_cctab_stack_int=\count176
)
("C:\Program Files (x86)\MiKTeX 2.9\tex\latex\tools\calc.sty"
Package: calc 2007/08/22 v4.3 Infix arithmetic (KKT,FJ)
\calc@Acount=\count177
\calc@Bcount=\count178
\calc@Adimen=\dimen155
\calc@Bdimen=\dimen156
\calc@Askip=\skip49
\calc@Bskip=\skip50
LaTeX Info: Redefining \setlength on input line 76.
LaTeX Info: Redefining \addtolength on input line 77.
\calc@Ccount=\count179
\calc@Cskip=\skip51
))
Package: siunitx 2011/02/01 v2.1j A comprehensive (SI) units package

(C:\Users\haberthuer\AppData\Roaming\MiKTeX\2.9\tex\latex\xpackages\xbase\xpars
e.sty
Package: xparse 2011/01/23 v2136 Generic document command parser
\c_xparse_shorthands_prop=\toks44
\l_xparse_m_args_int=\count180
\l_xparse_mandatory_args_int=\count181
\l_xparse_processor_int=\count182
\l_xparse_total_args_int=\count183
) ("C:\Program Files (x86)\MiKTeX 2.9\tex\latex\ams\math\amstext.sty"
Package: amstext 2000/06/29 v2.01

("C:\Program Files (x86)\MiKTeX 2.9\tex\latex\ams\math\amsgen.sty"
File: amsgen.sty 1999/11/30 v2.0
\@emptytoks=\toks45
\ex@=\dimen157
))
("C:\Program Files (x86)\MiKTeX 2.9\tex\latex\tools\array.sty"
Package: array 2008/09/09 v2.4c Tabular extension package (FMi)
\col@sep=\dimen158
\extrarowheight=\dimen159
\NC@list=\toks46
\extratabsurround=\skip52
\backup@length=\skip53
)
(C:\Users\haberthuer\AppData\Roaming\MiKTeX\2.9\tex\latex\xpackages\xtras\l3key
s2e.sty
Package: l3keys2e 2010/10/13 v2076 Parsing LaTeX3 keyvals as LaTeX2e package op
tions
)
\l_siunitx_tmp_box=\box36
\l_siunitx_tmp_int=\count184
\l_siunitx_number_in_prop=\toks47
\l_siunitx_round_int=\count185
\l_siunitx_process_decimal_int=\count186
\l_siunitx_process_uncertainty_int=\count187
\l_siunitx_process_fixed_int=\count188
\l_siunitx_process_precision_int=\count189
\l_siunitx_number_out_prop=\toks48
\l_siunitx_angle_marker_box=\box37
\l_siunitx_angle_unit_box=\box38
\l_siunitx_angle_marker_dim=\dimen160
\l_siunitx_angle_unit_dim=\dimen161
\l_siunitx_angle_degree_prop=\toks49
\l_siunitx_angle_minute_prop=\toks50
\l_siunitx_angle_second_prop=\toks51
\l_siunitx_unit_int=\count190
\l_siunitx_unit_prop=\toks52
\l_siunitx_unit_denominator_int=\count191
\l_siunitx_unit_numerator_int=\count192
\l_siunitx_unit_prefix_int=\count193
\l_siunitx_unit_prefix_base_int=\count194
\l_siunitx_unit_prefix_gram_int=\count195
\l_siunitx_number_product_int=\count196
\c_siunitx_one_fill_skip=\skip54
\c_siunitx_table_correction_skip=\skip55
\l_siunitx_table_unit_align_skip=\skip56
\l_siunitx_table_fill_box=\box39
\l_siunitx_table_fill_dim=\dimen162
\l_siunitx_table_pre_box=\box40
\l_siunitx_table_post_box=\box41
\l_siunitx_table_result_box=\box42
\l_siunitx_table_comparator_dim=\dimen163
\l_siunitx_table_decimal_dim=\dimen164
\l_siunitx_table_exponent_dim=\dimen165
\l_siunitx_table_integer_dim=\dimen166
\l_siunitx_table_mantissa_dim=\dimen167
\l_siunitx_table_marker_dim=\dimen168
\l_siunitx_table_result_dim=\dimen169
\l_siunitx_table_uncert_dim=\dimen170
\l_siunitx_table_gap_dim=\dimen171
\l_siunitx_table_model_prop=\toks53
\l_siunitx_table_space_dim=\dimen172
\l_siunitx_table_number_align_skip=\skip57
\l_siunitx_table_text_align_skip=\skip58
\l_siunitx_table_decimal_int=\count197
\l_siunitx_table_exponent_int=\count198
\l_siunitx_table_integer_int=\count199
\l_siunitx_table_uncert_int=\count200
 LaTeX info: Defining document command \ang
(LaTeX)  with arg. spec. 'o>{\SplitArgument {2}{;}}m' on line 6296.

 LaTeX info: Defining document command \num
(LaTeX)  with arg. spec. 'om' on line 6303.

 LaTeX info: Defining document command \numlist
(LaTeX)  with arg. spec. 'o>{\SplitList {;}}m' on line 6310.

 LaTeX info: Defining document command \numrange
(LaTeX)  with arg. spec. 'omm' on line 6317.

 LaTeX info: Defining document command \si
(LaTeX)  with arg. spec. 'om' on line 6327.

 LaTeX info: Defining document command \SIlist
(LaTeX)  with arg. spec. 'o>{\SplitList {;}}mm' on line 6337.

 LaTeX info: Defining document command \SIrange
(LaTeX)  with arg. spec. 'ommm' on line 6347.

 LaTeX info: Defining document command \SI
(LaTeX)  with arg. spec. 'omom' on line 6357.

 LaTeX info: Defining document command \sisetup
(LaTeX)  with arg. spec. 'm' on line 6360.

 LaTeX info: Defining document command \siunitx_bookmark_num:w
(LaTeX)  with arg. spec. 'om' on line 6396.

 LaTeX info: Defining document command \siunitx_bookmark_numrange:w
(LaTeX)  with arg. spec. 'omm' on line 6398.

 LaTeX info: Defining document command \siunitx_bookmark_si:w
(LaTeX)  with arg. spec. 'om' on line 6399.

 LaTeX info: Defining document command \siunitx_bookmark_SI:w
(LaTeX)  with arg. spec. 'omom' on line 6401.

 LaTeX info: Defining document command \siunitx_bookmark_SIrange:w
(LaTeX)  with arg. spec. 'ommm' on line 6403.

\g_ior_tmp_stream=\read2

(C:\Users\haberthuer\AppData\Roaming\MiKTeX\2.9\tex\latex\beamer\base\translato
r\translator.sty
Package: translator 2010/06/12 ver 1.10

(C:\Users\haberthuer\AppData\Roaming\MiKTeX\2.9\tex\latex\beamer\base\translato
r\translator-language-mappings.tex)))
(C:\Users\haberthuer\AppData\Roaming\MiKTeX\2.9\tex\latex\preview\preview.sty
Package: preview 2010/02/14 11.86 (AUCTeX/preview-latex)

(C:\Users\haberthuer\AppData\Roaming\MiKTeX\2.9\tex\latex\preview\prtightpage.d
ef
\PreviewBorder=\dimen173
)
\pr@snippet=\count201
\pr@box=\box43
\pr@output=\toks54
)
\imagewidth=\skip59
\imagescale=\skip60
 (P:\doc\#Docs\AcinusPaper\img\ManholeCovers\Overview.aux)
LaTeX Font Info:    Checking defaults for OML/cmm/m/it on input line 10.
LaTeX Font Info:    ... okay on input line 10.
LaTeX Font Info:    Checking defaults for T1/cmr/m/n on input line 10.
LaTeX Font Info:    ... okay on input line 10.
LaTeX Font Info:    Checking defaults for OT1/cmr/m/n on input line 10.
LaTeX Font Info:    ... okay on input line 10.
LaTeX Font Info:    Checking defaults for OMS/cmsy/m/n on input line 10.
LaTeX Font Info:    ... okay on input line 10.
LaTeX Font Info:    Checking defaults for OMX/cmex/m/n on input line 10.
LaTeX Font Info:    ... okay on input line 10.
LaTeX Font Info:    Checking defaults for U/cmr/m/n on input line 10.
LaTeX Font Info:    ... okay on input line 10.

(C:\Users\haberthuer\AppData\Roaming\MiKTeX\2.9\tex\context\base\supp-pdf.mkii
[Loading MPS to PDF converter (version 2006.09.02).]
Normal \count register pool exhausted, switching to extended pool.
\scratchcounter=\count277
\scratchdimen=\dimen174
\scratchbox=\box44
\nofMPsegments=\count278
\nofMParguments=\count279
\everyMPshowfont=\toks55
\MPscratchCnt=\count280
\MPscratchDim=\dimen175
\MPnumerator=\count281
\everyMPtoPDFconversion=\toks56
) ABD: EveryShipout initializing macros
(C:\Users\haberthuer\AppData\Roaming\MiKTeX\2.9\tex\latex\beamer\base\translato
r\dicts\translator-basic-dictionary\translator-basic-dictionary-English.dict
Dictionary: translator-basic-dictionary, Language: English 
)
Preview: Fontsize 10pt
Preview: PDFoutput 1
\c_siunitx_mathsf_int=\count282
LaTeX Font Info:    External font `cmex10' loaded for size
(Font)              <7> on input line 10.
LaTeX Font Info:    External font `cmex10' loaded for size
(Font)              <5> on input line 10.
\c_siunitx_mathtt_int=\count283

<R108C60B_2010c_Acinus_SampleWithBackground.png, id=4, 1011.78pt x 1021.8175pt>
File: R108C60B_2010c_Acinus_SampleWithBackground.png Graphic file (type png)
<use R108C60B_2010c_Acinus_SampleWithBackground.png>
LaTeX Font Info:    Try loading font information for TS1+cmr on input line 22.

("C:\Program Files (x86)\MiKTeX 2.9\tex\latex\base\ts1cmr.fd"
File: ts1cmr.fd 1999/05/25 v2.5h Standard LaTeX font definitions
)
Preview: Tightpage -32891 -32891 32891 32891
[1{C:/Users/haberthuer/AppData/Local/MiKTeX/2.9/pdftex/config/pdftex.map} <P:/d
oc/#Docs/AcinusPaper/img/ManholeCovers/R108C60B_2010c_Acinus_SampleWithBackgrou
nd.png (PNG copy)>] (P:\doc\#Docs\AcinusPaper\img\ManholeCovers\Overview.aux) )
 
Here is how much of TeX's memory you used:
 16172 strings out of 494053
 344278 string characters out of 3146171
 318268 words of memory out of 3000000
 19195 multiletter control sequences out of 15000+200000
 5384 words of font info for 21 fonts, out of 3000000 for 9000
 715 hyphenation exceptions out of 8191
 56i,7n,55p,419b,935s stack positions out of 5000i,500n,10000p,200000b,50000s
{C:/Program Files (x86)/MiKTeX 2.9/fonts/enc/dvips/cm-super/cm-super-ts1.enc}<C
:/Program Files (x86)/MiKTeX 2.9/fonts/type1/public/amsfonts/cm/cmmi10.pfb><C:/
Program Files (x86)/MiKTeX 2.9/fonts/type1/public/amsfonts/cm/cmr10.pfb><C:/Pro
gram Files (x86)/MiKTeX 2.9/fonts/type1/public/cm-super/sfrm1000.pfb>
Output written on Overview.pdf (1 page, 818308 bytes).
PDF statistics:
 23 PDF objects out of 1000 (max. 8388607)
 0 named destinations out of 1000 (max. 500000)
 18 words of extra memory for PDF output out of 10000 (max. 10000000)

